<?xml version="1.0" encoding="UTF-8"?>
<testsuite name="com.connsec.saml.xml.EndpointGeneratorTest" tests="2" skipped="0" failures="0" errors="0" timestamp="2019-03-05T13:23:47" hostname="WIN7U-20160730R" time="0.035">
  <properties/>
  <testcase name="testGenerateEndPoint" classname="com.connsec.saml.xml.EndpointGeneratorTest" time="0.02"/>
  <testcase name="testGenerateEndPointNoResponseLocation" classname="com.connsec.saml.xml.EndpointGeneratorTest" time="0.015"/>
  <system-out><![CDATA[[org.opensaml.xml.XMLConfigurator:INFO {} 180] Preparing to load ObjectProviders
[org.opensaml.xml.XMLConfigurator:INFO {} 182] ObjectProviders load complete
[org.opensaml.xml.XMLConfigurator:INFO {} 180] Preparing to load ObjectProviders
[org.opensaml.xml.XMLConfigurator:INFO {} 182] ObjectProviders load complete
[org.opensaml.xml.XMLConfigurator:INFO {} 180] Preparing to load ObjectProviders
[org.opensaml.xml.XMLConfigurator:INFO {} 182] ObjectProviders load complete
[org.opensaml.xml.XMLConfigurator:INFO {} 189] Preparing to load ValidatorSuites
[org.opensaml.xml.XMLConfigurator:INFO {} 191] ValidatorSuites load complete
[org.opensaml.xml.XMLConfigurator:INFO {} 180] Preparing to load ObjectProviders
[org.opensaml.xml.XMLConfigurator:INFO {} 182] ObjectProviders load complete
[org.opensaml.xml.XMLConfigurator:INFO {} 189] Preparing to load ValidatorSuites
[org.opensaml.xml.XMLConfigurator:INFO {} 191] ValidatorSuites load complete
[org.opensaml.xml.XMLConfigurator:INFO {} 180] Preparing to load ObjectProviders
[org.opensaml.xml.XMLConfigurator:INFO {} 182] ObjectProviders load complete
[org.opensaml.xml.XMLConfigurator:INFO {} 180] Preparing to load ObjectProviders
[org.opensaml.xml.XMLConfigurator:INFO {} 182] ObjectProviders load complete
[org.opensaml.xml.XMLConfigurator:INFO {} 180] Preparing to load ObjectProviders
[org.opensaml.xml.XMLConfigurator:INFO {} 182] ObjectProviders load complete
[org.opensaml.xml.XMLConfigurator:INFO {} 180] Preparing to load ObjectProviders
[org.opensaml.xml.XMLConfigurator:INFO {} 182] ObjectProviders load complete
[org.opensaml.xml.XMLConfigurator:INFO {} 189] Preparing to load ValidatorSuites
[org.opensaml.xml.XMLConfigurator:INFO {} 191] ValidatorSuites load complete
[org.opensaml.xml.XMLConfigurator:INFO {} 180] Preparing to load ObjectProviders
[org.opensaml.xml.XMLConfigurator:INFO {} 182] ObjectProviders load complete
[org.opensaml.xml.XMLConfigurator:INFO {} 180] Preparing to load ObjectProviders
[org.opensaml.xml.XMLConfigurator:INFO {} 182] ObjectProviders load complete
[org.opensaml.xml.XMLConfigurator:INFO {} 189] Preparing to load ValidatorSuites
[org.opensaml.xml.XMLConfigurator:INFO {} 191] ValidatorSuites load complete
[org.opensaml.xml.XMLConfigurator:INFO {} 180] Preparing to load ObjectProviders
[org.opensaml.xml.XMLConfigurator:INFO {} 182] ObjectProviders load complete
[org.opensaml.xml.XMLConfigurator:INFO {} 180] Preparing to load ObjectProviders
[org.opensaml.xml.XMLConfigurator:INFO {} 182] ObjectProviders load complete
[org.opensaml.xml.XMLConfigurator:INFO {} 189] Preparing to load ValidatorSuites
[org.opensaml.xml.XMLConfigurator:INFO {} 191] ValidatorSuites load complete
[org.opensaml.xml.XMLConfigurator:INFO {} 180] Preparing to load ObjectProviders
[org.opensaml.xml.XMLConfigurator:INFO {} 182] ObjectProviders load complete
[org.opensaml.xml.XMLConfigurator:INFO {} 180] Preparing to load ObjectProviders
[org.opensaml.xml.XMLConfigurator:INFO {} 182] ObjectProviders load complete
[org.opensaml.xml.XMLConfigurator:INFO {} 180] Preparing to load ObjectProviders
[org.opensaml.xml.XMLConfigurator:INFO {} 182] ObjectProviders load complete
[org.opensaml.xml.XMLConfigurator:INFO {} 180] Preparing to load ObjectProviders
[org.opensaml.xml.XMLConfigurator:INFO {} 182] ObjectProviders load complete
[org.opensaml.xml.XMLConfigurator:INFO {} 180] Preparing to load ObjectProviders
[org.opensaml.xml.XMLConfigurator:INFO {} 182] ObjectProviders load complete
[org.opensaml.xml.XMLConfigurator:INFO {} 180] Preparing to load ObjectProviders
[org.opensaml.xml.XMLConfigurator:INFO {} 182] ObjectProviders load complete
[org.opensaml.xml.XMLConfigurator:INFO {} 180] Preparing to load ObjectProviders
[org.opensaml.xml.XMLConfigurator:INFO {} 182] ObjectProviders load complete
[org.opensaml.xml.XMLConfigurator:INFO {} 180] Preparing to load ObjectProviders
[org.opensaml.xml.XMLConfigurator:INFO {} 182] ObjectProviders load complete
[org.opensaml.xml.XMLConfigurator:INFO {} 180] Preparing to load ObjectProviders
[org.opensaml.xml.XMLConfigurator:INFO {} 182] ObjectProviders load complete
[org.opensaml.xml.XMLConfigurator:INFO {} 180] Preparing to load ObjectProviders
[org.opensaml.xml.XMLConfigurator:INFO {} 182] ObjectProviders load complete
[org.opensaml.xml.XMLConfigurator:INFO {} 180] Preparing to load ObjectProviders
[org.opensaml.xml.XMLConfigurator:INFO {} 182] ObjectProviders load complete
[org.opensaml.xml.XMLConfigurator:INFO {} 180] Preparing to load ObjectProviders
[org.opensaml.xml.XMLConfigurator:INFO {} 182] ObjectProviders load complete
[org.opensaml.xml.XMLConfigurator:INFO {} 180] Preparing to load ObjectProviders
[org.opensaml.xml.XMLConfigurator:INFO {} 182] ObjectProviders load complete
[org.opensaml.xml.XMLConfigurator:INFO {} 198] Preparing to load IDAttributes
[org.opensaml.xml.XMLConfigurator:INFO {} 200] IDAttributes load complete
[org.opensaml.xml.XMLConfigurator:INFO {} 180] Preparing to load ObjectProviders
[org.opensaml.xml.XMLConfigurator:INFO {} 182] ObjectProviders load complete
[org.opensaml.xml.XMLConfigurator:INFO {} 180] Preparing to load ObjectProviders
[org.opensaml.xml.XMLConfigurator:INFO {} 182] ObjectProviders load complete
[org.opensaml.xml.XMLConfigurator:INFO {} 180] Preparing to load ObjectProviders
[org.opensaml.xml.XMLConfigurator:INFO {} 182] ObjectProviders load complete
[org.opensaml.xml.XMLConfigurator:INFO {} 189] Preparing to load ValidatorSuites
[org.opensaml.xml.XMLConfigurator:INFO {} 191] ValidatorSuites load complete
[org.opensaml.xml.XMLConfigurator:INFO {} 180] Preparing to load ObjectProviders
[org.opensaml.xml.XMLConfigurator:INFO {} 182] ObjectProviders load complete
[org.opensaml.xml.XMLConfigurator:INFO {} 189] Preparing to load ValidatorSuites
[org.opensaml.xml.XMLConfigurator:INFO {} 191] ValidatorSuites load complete
[org.opensaml.xml.XMLConfigurator:INFO {} 180] Preparing to load ObjectProviders
[org.opensaml.xml.XMLConfigurator:INFO {} 182] ObjectProviders load complete
[org.opensaml.xml.XMLConfigurator:INFO {} 180] Preparing to load ObjectProviders
[org.opensaml.xml.XMLConfigurator:INFO {} 182] ObjectProviders load complete
[org.opensaml.xml.XMLConfigurator:INFO {} 180] Preparing to load ObjectProviders
[org.opensaml.xml.XMLConfigurator:INFO {} 182] ObjectProviders load complete
[org.opensaml.xml.XMLConfigurator:INFO {} 180] Preparing to load ObjectProviders
[org.opensaml.xml.XMLConfigurator:INFO {} 182] ObjectProviders load complete
[org.opensaml.xml.XMLConfigurator:INFO {} 189] Preparing to load ValidatorSuites
[org.opensaml.xml.XMLConfigurator:INFO {} 191] ValidatorSuites load complete
[org.opensaml.xml.XMLConfigurator:INFO {} 180] Preparing to load ObjectProviders
[org.opensaml.xml.XMLConfigurator:INFO {} 182] ObjectProviders load complete
[org.opensaml.xml.XMLConfigurator:INFO {} 180] Preparing to load ObjectProviders
[org.opensaml.xml.XMLConfigurator:INFO {} 182] ObjectProviders load complete
[org.opensaml.xml.XMLConfigurator:INFO {} 189] Preparing to load ValidatorSuites
[org.opensaml.xml.XMLConfigurator:INFO {} 191] ValidatorSuites load complete
[org.opensaml.xml.XMLConfigurator:INFO {} 180] Preparing to load ObjectProviders
[org.opensaml.xml.XMLConfigurator:INFO {} 182] ObjectProviders load complete
[org.opensaml.xml.XMLConfigurator:INFO {} 180] Preparing to load ObjectProviders
[org.opensaml.xml.XMLConfigurator:INFO {} 182] ObjectProviders load complete
[org.opensaml.xml.XMLConfigurator:INFO {} 189] Preparing to load ValidatorSuites
[org.opensaml.xml.XMLConfigurator:INFO {} 191] ValidatorSuites load complete
[org.opensaml.xml.XMLConfigurator:INFO {} 180] Preparing to load ObjectProviders
[org.opensaml.xml.XMLConfigurator:INFO {} 182] ObjectProviders load complete
[org.opensaml.xml.XMLConfigurator:INFO {} 180] Preparing to load ObjectProviders
[org.opensaml.xml.XMLConfigurator:INFO {} 182] ObjectProviders load complete
[org.opensaml.xml.XMLConfigurator:INFO {} 180] Preparing to load ObjectProviders
[org.opensaml.xml.XMLConfigurator:INFO {} 182] ObjectProviders load complete
[org.opensaml.xml.XMLConfigurator:INFO {} 180] Preparing to load ObjectProviders
[org.opensaml.xml.XMLConfigurator:INFO {} 182] ObjectProviders load complete
[org.opensaml.xml.XMLConfigurator:INFO {} 180] Preparing to load ObjectProviders
[org.opensaml.xml.XMLConfigurator:INFO {} 182] ObjectProviders load complete
[org.opensaml.xml.XMLConfigurator:INFO {} 180] Preparing to load ObjectProviders
[org.opensaml.xml.XMLConfigurator:INFO {} 182] ObjectProviders load complete
[org.opensaml.xml.XMLConfigurator:INFO {} 180] Preparing to load ObjectProviders
[org.opensaml.xml.XMLConfigurator:INFO {} 182] ObjectProviders load complete
[org.opensaml.xml.XMLConfigurator:INFO {} 180] Preparing to load ObjectProviders
[org.opensaml.xml.XMLConfigurator:INFO {} 182] ObjectProviders load complete
[org.opensaml.xml.XMLConfigurator:INFO {} 180] Preparing to load ObjectProviders
[org.opensaml.xml.XMLConfigurator:INFO {} 182] ObjectProviders load complete
[org.opensaml.xml.XMLConfigurator:INFO {} 180] Preparing to load ObjectProviders
[org.opensaml.xml.XMLConfigurator:INFO {} 182] ObjectProviders load complete
[org.opensaml.xml.XMLConfigurator:INFO {} 180] Preparing to load ObjectProviders
[org.opensaml.xml.XMLConfigurator:INFO {} 182] ObjectProviders load complete
[org.opensaml.xml.XMLConfigurator:INFO {} 180] Preparing to load ObjectProviders
[org.opensaml.xml.XMLConfigurator:INFO {} 182] ObjectProviders load complete
[org.opensaml.xml.XMLConfigurator:INFO {} 180] Preparing to load ObjectProviders
[org.opensaml.xml.XMLConfigurator:INFO {} 182] ObjectProviders load complete
[org.opensaml.xml.XMLConfigurator:INFO {} 198] Preparing to load IDAttributes
[org.opensaml.xml.XMLConfigurator:INFO {} 200] IDAttributes load complete
[com.connsec.saml.xml.EndpointGenerator:DEBUG {} 38] end point service: {urn:oasis:names:tc:SAML:2.0:metadata}SingleSignOnService
[com.connsec.saml.xml.EndpointGenerator:DEBUG {} 39] end point location: https://them.com/destination
[com.connsec.saml.xml.EndpointGenerator:DEBUG {} 40] end point responseLocation: https://me.com/reply
[com.connsec.saml.xml.EndpointGeneratorTest:DEBUG {} 52] xml is <?xml version="1.0" encoding="UTF-16"?>
<md:SingleSignOnService Location="https://them.com/destination" ResponseLocation="https://me.com/reply" xmlns:md="urn:oasis:names:tc:SAML:2.0:metadata"/>
[com.connsec.saml.xml.EndpointGenerator:DEBUG {} 38] end point service: {urn:oasis:names:tc:SAML:2.0:metadata}SingleSignOnService
[com.connsec.saml.xml.EndpointGenerator:DEBUG {} 39] end point location: https://them.com/destination
[com.connsec.saml.xml.EndpointGenerator:DEBUG {} 40] end point responseLocation: null
[com.connsec.saml.xml.EndpointGeneratorTest:DEBUG {} 78] xml is <?xml version="1.0" encoding="UTF-16"?>
<md:SingleSignOnService Location="https://them.com/destination" xmlns:md="urn:oasis:names:tc:SAML:2.0:metadata"/>
]]></system-out>
  <system-err><![CDATA[]]></system-err>
</testsuite>
