<?xml version="1.0" encoding="UTF-8"?>
<testsuite name="com.connsec.saml.AuthnRequestGeneratorXMLTest" tests="1" skipped="0" failures="0" errors="0" timestamp="2019-03-05T13:23:43" hostname="WIN7U-20160730R" time="1.863">
  <properties/>
  <testcase name="testGenerateAuthnRequest" classname="com.connsec.saml.AuthnRequestGeneratorXMLTest" time="1.863"/>
  <system-out><![CDATA[[org.opensaml.xml.XMLConfigurator:INFO {} 180] Preparing to load ObjectProviders
[org.opensaml.xml.XMLConfigurator:INFO {} 182] ObjectProviders load complete
[org.opensaml.xml.XMLConfigurator:INFO {} 180] Preparing to load ObjectProviders
[org.opensaml.xml.XMLConfigurator:INFO {} 182] ObjectProviders load complete
[org.opensaml.xml.XMLConfigurator:INFO {} 180] Preparing to load ObjectProviders
[org.opensaml.xml.XMLConfigurator:INFO {} 182] ObjectProviders load complete
[org.opensaml.xml.XMLConfigurator:INFO {} 189] Preparing to load ValidatorSuites
[org.opensaml.xml.XMLConfigurator:INFO {} 191] ValidatorSuites load complete
[org.opensaml.xml.XMLConfigurator:INFO {} 180] Preparing to load ObjectProviders
[org.opensaml.xml.XMLConfigurator:INFO {} 182] ObjectProviders load complete
[org.opensaml.xml.XMLConfigurator:INFO {} 189] Preparing to load ValidatorSuites
[org.opensaml.xml.XMLConfigurator:INFO {} 191] ValidatorSuites load complete
[org.opensaml.xml.XMLConfigurator:INFO {} 180] Preparing to load ObjectProviders
[org.opensaml.xml.XMLConfigurator:INFO {} 182] ObjectProviders load complete
[org.opensaml.xml.XMLConfigurator:INFO {} 180] Preparing to load ObjectProviders
[org.opensaml.xml.XMLConfigurator:INFO {} 182] ObjectProviders load complete
[org.opensaml.xml.XMLConfigurator:INFO {} 180] Preparing to load ObjectProviders
[org.opensaml.xml.XMLConfigurator:INFO {} 182] ObjectProviders load complete
[org.opensaml.xml.XMLConfigurator:INFO {} 180] Preparing to load ObjectProviders
[org.opensaml.xml.XMLConfigurator:INFO {} 182] ObjectProviders load complete
[org.opensaml.xml.XMLConfigurator:INFO {} 189] Preparing to load ValidatorSuites
[org.opensaml.xml.XMLConfigurator:INFO {} 191] ValidatorSuites load complete
[org.opensaml.xml.XMLConfigurator:INFO {} 180] Preparing to load ObjectProviders
[org.opensaml.xml.XMLConfigurator:INFO {} 182] ObjectProviders load complete
[org.opensaml.xml.XMLConfigurator:INFO {} 180] Preparing to load ObjectProviders
[org.opensaml.xml.XMLConfigurator:INFO {} 182] ObjectProviders load complete
[org.opensaml.xml.XMLConfigurator:INFO {} 189] Preparing to load ValidatorSuites
[org.opensaml.xml.XMLConfigurator:INFO {} 191] ValidatorSuites load complete
[org.opensaml.xml.XMLConfigurator:INFO {} 180] Preparing to load ObjectProviders
[org.opensaml.xml.XMLConfigurator:INFO {} 182] ObjectProviders load complete
[org.opensaml.xml.XMLConfigurator:INFO {} 180] Preparing to load ObjectProviders
[org.opensaml.xml.XMLConfigurator:INFO {} 182] ObjectProviders load complete
[org.opensaml.xml.XMLConfigurator:INFO {} 189] Preparing to load ValidatorSuites
[org.opensaml.xml.XMLConfigurator:INFO {} 191] ValidatorSuites load complete
[org.opensaml.xml.XMLConfigurator:INFO {} 180] Preparing to load ObjectProviders
[org.opensaml.xml.XMLConfigurator:INFO {} 182] ObjectProviders load complete
[org.opensaml.xml.XMLConfigurator:INFO {} 180] Preparing to load ObjectProviders
[org.opensaml.xml.XMLConfigurator:INFO {} 182] ObjectProviders load complete
[org.opensaml.xml.XMLConfigurator:INFO {} 180] Preparing to load ObjectProviders
[org.opensaml.xml.XMLConfigurator:INFO {} 182] ObjectProviders load complete
[org.opensaml.xml.XMLConfigurator:INFO {} 180] Preparing to load ObjectProviders
[org.opensaml.xml.XMLConfigurator:INFO {} 182] ObjectProviders load complete
[org.opensaml.xml.XMLConfigurator:INFO {} 180] Preparing to load ObjectProviders
[org.opensaml.xml.XMLConfigurator:INFO {} 182] ObjectProviders load complete
[org.opensaml.xml.XMLConfigurator:INFO {} 180] Preparing to load ObjectProviders
[org.opensaml.xml.XMLConfigurator:INFO {} 182] ObjectProviders load complete
[org.opensaml.xml.XMLConfigurator:INFO {} 180] Preparing to load ObjectProviders
[org.opensaml.xml.XMLConfigurator:INFO {} 182] ObjectProviders load complete
[org.opensaml.xml.XMLConfigurator:INFO {} 180] Preparing to load ObjectProviders
[org.opensaml.xml.XMLConfigurator:INFO {} 182] ObjectProviders load complete
[org.opensaml.xml.XMLConfigurator:INFO {} 180] Preparing to load ObjectProviders
[org.opensaml.xml.XMLConfigurator:INFO {} 182] ObjectProviders load complete
[org.opensaml.xml.XMLConfigurator:INFO {} 180] Preparing to load ObjectProviders
[org.opensaml.xml.XMLConfigurator:INFO {} 182] ObjectProviders load complete
[org.opensaml.xml.XMLConfigurator:INFO {} 180] Preparing to load ObjectProviders
[org.opensaml.xml.XMLConfigurator:INFO {} 182] ObjectProviders load complete
[org.opensaml.xml.XMLConfigurator:INFO {} 180] Preparing to load ObjectProviders
[org.opensaml.xml.XMLConfigurator:INFO {} 182] ObjectProviders load complete
[org.opensaml.xml.XMLConfigurator:INFO {} 180] Preparing to load ObjectProviders
[org.opensaml.xml.XMLConfigurator:INFO {} 182] ObjectProviders load complete
[org.opensaml.xml.XMLConfigurator:INFO {} 198] Preparing to load IDAttributes
[org.opensaml.xml.XMLConfigurator:INFO {} 200] IDAttributes load complete
[com.connsec.saml.AuthnRequestGeneratorXMLTest:DEBUG {} 71] AuthnRequest is: 
<?xml version="1.0" encoding="UTF-16"?>
<saml2p:AuthnRequest AssertionConsumerServiceURL="https://sp.com/assertionConsumer" Destination="https://idp.com/authresponsder" ID="1234321" IssueInstant="2010-10-26T09:30:00.000Z" Version="2.0" xmlns:saml2p="urn:oasis:names:tc:SAML:2.0:protocol"><saml2:Issuer Format="urn:oasis:names:tc:SAML:2.0:nameid-format:entity" xmlns:saml2="urn:oasis:names:tc:SAML:2.0:assertion">the sp</saml2:Issuer></saml2p:AuthnRequest>
]]></system-out>
  <system-err><![CDATA[]]></system-err>
</testsuite>
