<?xml version="1.0" encoding="UTF-8"?>
<testsuite name="com.connsec.saml.SecurityPolicyDelegateTest" tests="2" skipped="0" failures="0" errors="0" timestamp="2019-03-05T13:23:46" hostname="WIN7U-20160730R" time="0.058">
  <properties/>
  <testcase name="testGetPolicyRules" classname="com.connsec.saml.SecurityPolicyDelegateTest" time="0.055"/>
  <testcase name="testEvaluate" classname="com.connsec.saml.SecurityPolicyDelegateTest" time="0.003"/>
  <system-out><![CDATA[]]></system-out>
  <system-err><![CDATA[]]></system-err>
</testsuite>
