<?xml version="1.0" encoding="UTF-8"?>
<testsuite name="com.connsec.saml.xml.IssuerGeneratorTest" tests="1" skipped="0" failures="0" errors="0" timestamp="2019-03-05T13:23:48" hostname="WIN7U-20160730R" time="0.01">
  <properties/>
  <testcase name="testGenerate" classname="com.connsec.saml.xml.IssuerGeneratorTest" time="0.01"/>
  <system-out><![CDATA[[org.opensaml.xml.XMLConfigurator:INFO {} 180] Preparing to load ObjectProviders
[org.opensaml.xml.XMLConfigurator:INFO {} 182] ObjectProviders load complete
[org.opensaml.xml.XMLConfigurator:INFO {} 180] Preparing to load ObjectProviders
[org.opensaml.xml.XMLConfigurator:INFO {} 182] ObjectProviders load complete
[org.opensaml.xml.XMLConfigurator:INFO {} 180] Preparing to load ObjectProviders
[org.opensaml.xml.XMLConfigurator:INFO {} 182] ObjectProviders load complete
[org.opensaml.xml.XMLConfigurator:INFO {} 189] Preparing to load ValidatorSuites
[org.opensaml.xml.XMLConfigurator:INFO {} 191] ValidatorSuites load complete
[org.opensaml.xml.XMLConfigurator:INFO {} 180] Preparing to load ObjectProviders
[org.opensaml.xml.XMLConfigurator:INFO {} 182] ObjectProviders load complete
[org.opensaml.xml.XMLConfigurator:INFO {} 189] Preparing to load ValidatorSuites
[org.opensaml.xml.XMLConfigurator:INFO {} 191] ValidatorSuites load complete
[org.opensaml.xml.XMLConfigurator:INFO {} 180] Preparing to load ObjectProviders
[org.opensaml.xml.XMLConfigurator:INFO {} 182] ObjectProviders load complete
[org.opensaml.xml.XMLConfigurator:INFO {} 180] Preparing to load ObjectProviders
[org.opensaml.xml.XMLConfigurator:INFO {} 182] ObjectProviders load complete
[org.opensaml.xml.XMLConfigurator:INFO {} 180] Preparing to load ObjectProviders
[org.opensaml.xml.XMLConfigurator:INFO {} 182] ObjectProviders load complete
[org.opensaml.xml.XMLConfigurator:INFO {} 180] Preparing to load ObjectProviders
[org.opensaml.xml.XMLConfigurator:INFO {} 182] ObjectProviders load complete
[org.opensaml.xml.XMLConfigurator:INFO {} 189] Preparing to load ValidatorSuites
[org.opensaml.xml.XMLConfigurator:INFO {} 191] ValidatorSuites load complete
[org.opensaml.xml.XMLConfigurator:INFO {} 180] Preparing to load ObjectProviders
[org.opensaml.xml.XMLConfigurator:INFO {} 182] ObjectProviders load complete
[org.opensaml.xml.XMLConfigurator:INFO {} 180] Preparing to load ObjectProviders
[org.opensaml.xml.XMLConfigurator:INFO {} 182] ObjectProviders load complete
[org.opensaml.xml.XMLConfigurator:INFO {} 189] Preparing to load ValidatorSuites
[org.opensaml.xml.XMLConfigurator:INFO {} 191] ValidatorSuites load complete
[org.opensaml.xml.XMLConfigurator:INFO {} 180] Preparing to load ObjectProviders
[org.opensaml.xml.XMLConfigurator:INFO {} 182] ObjectProviders load complete
[org.opensaml.xml.XMLConfigurator:INFO {} 180] Preparing to load ObjectProviders
[org.opensaml.xml.XMLConfigurator:INFO {} 182] ObjectProviders load complete
[org.opensaml.xml.XMLConfigurator:INFO {} 189] Preparing to load ValidatorSuites
[org.opensaml.xml.XMLConfigurator:INFO {} 191] ValidatorSuites load complete
[org.opensaml.xml.XMLConfigurator:INFO {} 180] Preparing to load ObjectProviders
[org.opensaml.xml.XMLConfigurator:INFO {} 182] ObjectProviders load complete
[org.opensaml.xml.XMLConfigurator:INFO {} 180] Preparing to load ObjectProviders
[org.opensaml.xml.XMLConfigurator:INFO {} 182] ObjectProviders load complete
[org.opensaml.xml.XMLConfigurator:INFO {} 180] Preparing to load ObjectProviders
[org.opensaml.xml.XMLConfigurator:INFO {} 182] ObjectProviders load complete
[org.opensaml.xml.XMLConfigurator:INFO {} 180] Preparing to load ObjectProviders
[org.opensaml.xml.XMLConfigurator:INFO {} 182] ObjectProviders load complete
[org.opensaml.xml.XMLConfigurator:INFO {} 180] Preparing to load ObjectProviders
[org.opensaml.xml.XMLConfigurator:INFO {} 182] ObjectProviders load complete
[org.opensaml.xml.XMLConfigurator:INFO {} 180] Preparing to load ObjectProviders
[org.opensaml.xml.XMLConfigurator:INFO {} 182] ObjectProviders load complete
[org.opensaml.xml.XMLConfigurator:INFO {} 180] Preparing to load ObjectProviders
[org.opensaml.xml.XMLConfigurator:INFO {} 182] ObjectProviders load complete
[org.opensaml.xml.XMLConfigurator:INFO {} 180] Preparing to load ObjectProviders
[org.opensaml.xml.XMLConfigurator:INFO {} 182] ObjectProviders load complete
[org.opensaml.xml.XMLConfigurator:INFO {} 180] Preparing to load ObjectProviders
[org.opensaml.xml.XMLConfigurator:INFO {} 182] ObjectProviders load complete
[org.opensaml.xml.XMLConfigurator:INFO {} 180] Preparing to load ObjectProviders
[org.opensaml.xml.XMLConfigurator:INFO {} 182] ObjectProviders load complete
[org.opensaml.xml.XMLConfigurator:INFO {} 180] Preparing to load ObjectProviders
[org.opensaml.xml.XMLConfigurator:INFO {} 182] ObjectProviders load complete
[org.opensaml.xml.XMLConfigurator:INFO {} 180] Preparing to load ObjectProviders
[org.opensaml.xml.XMLConfigurator:INFO {} 182] ObjectProviders load complete
[org.opensaml.xml.XMLConfigurator:INFO {} 180] Preparing to load ObjectProviders
[org.opensaml.xml.XMLConfigurator:INFO {} 182] ObjectProviders load complete
[org.opensaml.xml.XMLConfigurator:INFO {} 198] Preparing to load IDAttributes
[org.opensaml.xml.XMLConfigurator:INFO {} 200] IDAttributes load complete
[com.connsec.saml.xml.IssuerGeneratorTest:DEBUG {} 47] AuthnRequest is: 
<?xml version="1.0" encoding="UTF-16"?>
<saml2:Issuer Format="urn:oasis:names:tc:SAML:2.0:nameid-format:entity" xmlns:saml2="urn:oasis:names:tc:SAML:2.0:assertion">some guy</saml2:Issuer>
]]></system-out>
  <system-err><![CDATA[]]></system-err>
</testsuite>
