<?xml version="1.0" encoding="UTF-8"?>
<testsuite name="com.connsec.spring.SAMLResponseAuthenticationProviderTest" tests="3" skipped="0" failures="0" errors="0" timestamp="2019-03-05T13:23:56" hostname="WIN7U-20160730R" time="0.124">
  <properties/>
  <testcase name="testAuthenticate" classname="com.connsec.spring.SAMLResponseAuthenticationProviderTest" time="0.098"/>
  <testcase name="testSupports" classname="com.connsec.spring.SAMLResponseAuthenticationProviderTest" time="0.007"/>
  <testcase name="testDoesNotSupport" classname="com.connsec.spring.SAMLResponseAuthenticationProviderTest" time="0.019"/>
  <system-out><![CDATA[[com.connsec.spring.SAMLResponseAuthenticationProvider:DEBUG {} 47] attempting to authenticate: submitted
[com.connsec.spring.SAMLResponseAuthenticationProvider:DEBUG {} 51] getPrincipal: response
[com.connsec.spring.SAMLResponseAuthenticationProvider:DEBUG {} 56] Returning with authentication token of SAMLAuthenticationToken [principal=user, credentials=some b64 encoded message]
]]></system-out>
  <system-err><![CDATA[]]></system-err>
</testsuite>
